ARM GAS  C:\Users\Eemeli\AppData\Local\Temp\ccxRLB4Y.s 			page 1


   1              		.cpu cortex-m3
   2              		.eabi_attribute 20, 1
   3              		.eabi_attribute 21, 1
   4              		.eabi_attribute 23, 3
   5              		.eabi_attribute 24, 1
   6              		.eabi_attribute 25, 1
   7              		.eabi_attribute 26, 1
   8              		.eabi_attribute 30, 2
   9              		.eabi_attribute 34, 1
  10              		.eabi_attribute 18, 4
  11              		.file	"stm32f1xx_it.c"
  12              		.text
  13              	.Ltext0:
  14              		.cfi_sections	.debug_frame
  15              		.section	.text.NMI_Handler,"ax",%progbits
  16              		.align	1
  17              		.p2align 2,,3
  18              		.global	NMI_Handler
  19              		.arch armv7-m
  20              		.syntax unified
  21              		.thumb
  22              		.thumb_func
  23              		.fpu softvfp
  25              	NMI_Handler:
  26              	.LFB528:
  27              		.file 1 "Src/stm32f1xx_it.c"
   1:Src/stm32f1xx_it.c **** /**
   2:Src/stm32f1xx_it.c ****   ******************************************************************************
   3:Src/stm32f1xx_it.c ****   * @file    stm32f1xx_it.c
   4:Src/stm32f1xx_it.c ****   * @brief   Interrupt Service Routines.
   5:Src/stm32f1xx_it.c ****   ******************************************************************************
   6:Src/stm32f1xx_it.c ****   *
   7:Src/stm32f1xx_it.c ****   * COPYRIGHT(c) 2018 STMicroelectronics
   8:Src/stm32f1xx_it.c ****   *
   9:Src/stm32f1xx_it.c ****   * Redistribution and use in source and binary forms, with or without modification,
  10:Src/stm32f1xx_it.c ****   * are permitted provided that the following conditions are met:
  11:Src/stm32f1xx_it.c ****   *   1. Redistributions of source code must retain the above copyright notice,
  12:Src/stm32f1xx_it.c ****   *      this list of conditions and the following disclaimer.
  13:Src/stm32f1xx_it.c ****   *   2. Redistributions in binary form must reproduce the above copyright notice,
  14:Src/stm32f1xx_it.c ****   *      this list of conditions and the following disclaimer in the documentation
  15:Src/stm32f1xx_it.c ****   *      and/or other materials provided with the distribution.
  16:Src/stm32f1xx_it.c ****   *   3. Neither the name of STMicroelectronics nor the names of its contributors
  17:Src/stm32f1xx_it.c ****   *      may be used to endorse or promote products derived from this software
  18:Src/stm32f1xx_it.c ****   *      without specific prior written permission.
  19:Src/stm32f1xx_it.c ****   *
  20:Src/stm32f1xx_it.c ****   * THIS SOFTWARE IS PROVIDED BY THE COPYRIGHT HOLDERS AND CONTRIBUTORS "AS IS"
  21:Src/stm32f1xx_it.c ****   * AND ANY EXPRESS OR IMPLIED WARRANTIES, INCLUDING, BUT NOT LIMITED TO, THE
  22:Src/stm32f1xx_it.c ****   * IMPLIED WARRANTIES OF MERCHANTABILITY AND FITNESS FOR A PARTICULAR PURPOSE ARE
  23:Src/stm32f1xx_it.c ****   * DISCLAIMED. IN NO EVENT SHALL THE COPYRIGHT HOLDER OR CONTRIBUTORS BE LIABLE
  24:Src/stm32f1xx_it.c ****   * FOR ANY DIRECT, INDIRECT, INCIDENTAL, SPECIAL, EXEMPLARY, OR CONSEQUENTIAL
  25:Src/stm32f1xx_it.c ****   * DAMAGES (INCLUDING, BUT NOT LIMITED TO, PROCUREMENT OF SUBSTITUTE GOODS OR
  26:Src/stm32f1xx_it.c ****   * SERVICES; LOSS OF USE, DATA, OR PROFITS; OR BUSINESS INTERRUPTION) HOWEVER
  27:Src/stm32f1xx_it.c ****   * CAUSED AND ON ANY THEORY OF LIABILITY, WHETHER IN CONTRACT, STRICT LIABILITY,
  28:Src/stm32f1xx_it.c ****   * OR TORT (INCLUDING NEGLIGENCE OR OTHERWISE) ARISING IN ANY WAY OUT OF THE USE
  29:Src/stm32f1xx_it.c ****   * OF THIS SOFTWARE, EVEN IF ADVISED OF THE POSSIBILITY OF SUCH DAMAGE.
  30:Src/stm32f1xx_it.c ****   *
  31:Src/stm32f1xx_it.c ****   ******************************************************************************
ARM GAS  C:\Users\Eemeli\AppData\Local\Temp\ccxRLB4Y.s 			page 2


  32:Src/stm32f1xx_it.c ****   */
  33:Src/stm32f1xx_it.c **** /* Includes ------------------------------------------------------------------*/
  34:Src/stm32f1xx_it.c **** #include <stm32f1xx.h>
  35:Src/stm32f1xx_it.c **** #include "stm32f1xx_it.h"
  36:Src/stm32f1xx_it.c **** 
  37:Src/stm32f1xx_it.c **** /* USER CODE BEGIN 0 */
  38:Src/stm32f1xx_it.c **** 
  39:Src/stm32f1xx_it.c **** /* USER CODE END 0 */
  40:Src/stm32f1xx_it.c **** 
  41:Src/stm32f1xx_it.c **** /* External variables --------------------------------------------------------*/
  42:Src/stm32f1xx_it.c **** 
  43:Src/stm32f1xx_it.c **** /******************************************************************************/
  44:Src/stm32f1xx_it.c **** /*            Cortex-M3 Processor Interruption and Exception Handlers         */ 
  45:Src/stm32f1xx_it.c **** /******************************************************************************/
  46:Src/stm32f1xx_it.c **** 
  47:Src/stm32f1xx_it.c **** /**
  48:Src/stm32f1xx_it.c **** * @brief This function handles Non maskable interrupt.
  49:Src/stm32f1xx_it.c **** */
  50:Src/stm32f1xx_it.c **** void NMI_Handler(void)
  51:Src/stm32f1xx_it.c **** {
  28              		.loc 1 51 1 view -0
  29              		.cfi_startproc
  30              		@ args = 0, pretend = 0, frame = 0
  31              		@ frame_needed = 0, uses_anonymous_args = 0
  32              		@ link register save eliminated.
  52:Src/stm32f1xx_it.c ****   /* USER CODE BEGIN NonMaskableInt_IRQn 0 */
  53:Src/stm32f1xx_it.c **** 
  54:Src/stm32f1xx_it.c ****   /* USER CODE END NonMaskableInt_IRQn 0 */
  55:Src/stm32f1xx_it.c ****   /* USER CODE BEGIN NonMaskableInt_IRQn 1 */
  56:Src/stm32f1xx_it.c **** 
  57:Src/stm32f1xx_it.c ****   /* USER CODE END NonMaskableInt_IRQn 1 */
  58:Src/stm32f1xx_it.c **** }
  33              		.loc 1 58 1 view .LVU1
  34 0000 7047     		bx	lr
  35              		.cfi_endproc
  36              	.LFE528:
  38 0002 00BF     		.section	.text.HardFault_Handler,"ax",%progbits
  39              		.align	1
  40              		.p2align 2,,3
  41              		.global	HardFault_Handler
  42              		.syntax unified
  43              		.thumb
  44              		.thumb_func
  45              		.fpu softvfp
  47              	HardFault_Handler:
  48              	.LFB529:
  59:Src/stm32f1xx_it.c **** 
  60:Src/stm32f1xx_it.c **** /**
  61:Src/stm32f1xx_it.c **** * @brief This function handles Hard fault interrupt.
  62:Src/stm32f1xx_it.c **** */
  63:Src/stm32f1xx_it.c **** void HardFault_Handler(void)
  64:Src/stm32f1xx_it.c **** {
  49              		.loc 1 64 1 view -0
  50              		.cfi_startproc
  51              		@ Volatile: function does not return.
  52              		@ args = 0, pretend = 0, frame = 0
  53              		@ frame_needed = 0, uses_anonymous_args = 0
ARM GAS  C:\Users\Eemeli\AppData\Local\Temp\ccxRLB4Y.s 			page 3


  54              		@ link register save eliminated.
  55              	.L4:
  65:Src/stm32f1xx_it.c ****   /* USER CODE BEGIN HardFault_IRQn 0 */
  66:Src/stm32f1xx_it.c **** 
  67:Src/stm32f1xx_it.c ****   /* USER CODE END HardFault_IRQn 0 */
  68:Src/stm32f1xx_it.c ****   while (1)
  56              		.loc 1 68 3 discriminator 1 view .LVU3
  69:Src/stm32f1xx_it.c ****   {
  70:Src/stm32f1xx_it.c ****     /* USER CODE BEGIN W1_HardFault_IRQn 0 */
  71:Src/stm32f1xx_it.c ****     /* USER CODE END W1_HardFault_IRQn 0 */
  72:Src/stm32f1xx_it.c ****   }
  57              		.loc 1 72 3 discriminator 1 view .LVU4
  58 0000 FEE7     		b	.L4
  59              		.cfi_endproc
  60              	.LFE529:
  62 0002 00BF     		.section	.text.MemManage_Handler,"ax",%progbits
  63              		.align	1
  64              		.p2align 2,,3
  65              		.global	MemManage_Handler
  66              		.syntax unified
  67              		.thumb
  68              		.thumb_func
  69              		.fpu softvfp
  71              	MemManage_Handler:
  72              	.LFB530:
  73:Src/stm32f1xx_it.c ****   /* USER CODE BEGIN HardFault_IRQn 1 */
  74:Src/stm32f1xx_it.c **** 
  75:Src/stm32f1xx_it.c ****   /* USER CODE END HardFault_IRQn 1 */
  76:Src/stm32f1xx_it.c **** }
  77:Src/stm32f1xx_it.c **** 
  78:Src/stm32f1xx_it.c **** /**
  79:Src/stm32f1xx_it.c **** * @brief This function handles Memory management fault.
  80:Src/stm32f1xx_it.c **** */
  81:Src/stm32f1xx_it.c **** void MemManage_Handler(void)
  82:Src/stm32f1xx_it.c **** {
  73              		.loc 1 82 1 view -0
  74              		.cfi_startproc
  75              		@ Volatile: function does not return.
  76              		@ args = 0, pretend = 0, frame = 0
  77              		@ frame_needed = 0, uses_anonymous_args = 0
  78              		@ link register save eliminated.
  79              	.L6:
  83:Src/stm32f1xx_it.c ****   /* USER CODE BEGIN MemoryManagement_IRQn 0 */
  84:Src/stm32f1xx_it.c **** 
  85:Src/stm32f1xx_it.c ****   /* USER CODE END MemoryManagement_IRQn 0 */
  86:Src/stm32f1xx_it.c ****   while (1)
  80              		.loc 1 86 3 discriminator 1 view .LVU6
  87:Src/stm32f1xx_it.c ****   {
  88:Src/stm32f1xx_it.c ****     /* USER CODE BEGIN W1_MemoryManagement_IRQn 0 */
  89:Src/stm32f1xx_it.c ****     /* USER CODE END W1_MemoryManagement_IRQn 0 */
  90:Src/stm32f1xx_it.c ****   }
  81              		.loc 1 90 3 discriminator 1 view .LVU7
  82 0000 FEE7     		b	.L6
  83              		.cfi_endproc
  84              	.LFE530:
  86 0002 00BF     		.section	.text.BusFault_Handler,"ax",%progbits
  87              		.align	1
ARM GAS  C:\Users\Eemeli\AppData\Local\Temp\ccxRLB4Y.s 			page 4


  88              		.p2align 2,,3
  89              		.global	BusFault_Handler
  90              		.syntax unified
  91              		.thumb
  92              		.thumb_func
  93              		.fpu softvfp
  95              	BusFault_Handler:
  96              	.LFB531:
  91:Src/stm32f1xx_it.c ****   /* USER CODE BEGIN MemoryManagement_IRQn 1 */
  92:Src/stm32f1xx_it.c **** 
  93:Src/stm32f1xx_it.c ****   /* USER CODE END MemoryManagement_IRQn 1 */
  94:Src/stm32f1xx_it.c **** }
  95:Src/stm32f1xx_it.c **** 
  96:Src/stm32f1xx_it.c **** /**
  97:Src/stm32f1xx_it.c **** * @brief This function handles Prefetch fault, memory access fault.
  98:Src/stm32f1xx_it.c **** */
  99:Src/stm32f1xx_it.c **** void BusFault_Handler(void)
 100:Src/stm32f1xx_it.c **** {
  97              		.loc 1 100 1 view -0
  98              		.cfi_startproc
  99              		@ Volatile: function does not return.
 100              		@ args = 0, pretend = 0, frame = 0
 101              		@ frame_needed = 0, uses_anonymous_args = 0
 102              		@ link register save eliminated.
 103              	.L8:
 101:Src/stm32f1xx_it.c ****   /* USER CODE BEGIN BusFault_IRQn 0 */
 102:Src/stm32f1xx_it.c **** 
 103:Src/stm32f1xx_it.c ****   /* USER CODE END BusFault_IRQn 0 */
 104:Src/stm32f1xx_it.c ****   while (1)
 104              		.loc 1 104 3 discriminator 1 view .LVU9
 105:Src/stm32f1xx_it.c ****   {
 106:Src/stm32f1xx_it.c ****     /* USER CODE BEGIN W1_BusFault_IRQn 0 */
 107:Src/stm32f1xx_it.c ****     /* USER CODE END W1_BusFault_IRQn 0 */
 108:Src/stm32f1xx_it.c ****   }
 105              		.loc 1 108 3 discriminator 1 view .LVU10
 106 0000 FEE7     		b	.L8
 107              		.cfi_endproc
 108              	.LFE531:
 110 0002 00BF     		.section	.text.UsageFault_Handler,"ax",%progbits
 111              		.align	1
 112              		.p2align 2,,3
 113              		.global	UsageFault_Handler
 114              		.syntax unified
 115              		.thumb
 116              		.thumb_func
 117              		.fpu softvfp
 119              	UsageFault_Handler:
 120              	.LFB532:
 109:Src/stm32f1xx_it.c ****   /* USER CODE BEGIN BusFault_IRQn 1 */
 110:Src/stm32f1xx_it.c **** 
 111:Src/stm32f1xx_it.c ****   /* USER CODE END BusFault_IRQn 1 */
 112:Src/stm32f1xx_it.c **** }
 113:Src/stm32f1xx_it.c **** 
 114:Src/stm32f1xx_it.c **** /**
 115:Src/stm32f1xx_it.c **** * @brief This function handles Undefined instruction or illegal state.
 116:Src/stm32f1xx_it.c **** */
 117:Src/stm32f1xx_it.c **** void UsageFault_Handler(void)
ARM GAS  C:\Users\Eemeli\AppData\Local\Temp\ccxRLB4Y.s 			page 5


 118:Src/stm32f1xx_it.c **** {
 121              		.loc 1 118 1 view -0
 122              		.cfi_startproc
 123              		@ Volatile: function does not return.
 124              		@ args = 0, pretend = 0, frame = 0
 125              		@ frame_needed = 0, uses_anonymous_args = 0
 126              		@ link register save eliminated.
 127              	.L10:
 119:Src/stm32f1xx_it.c ****   /* USER CODE BEGIN UsageFault_IRQn 0 */
 120:Src/stm32f1xx_it.c **** 
 121:Src/stm32f1xx_it.c ****   /* USER CODE END UsageFault_IRQn 0 */
 122:Src/stm32f1xx_it.c ****   while (1)
 128              		.loc 1 122 3 discriminator 1 view .LVU12
 123:Src/stm32f1xx_it.c ****   {
 124:Src/stm32f1xx_it.c ****     /* USER CODE BEGIN W1_UsageFault_IRQn 0 */
 125:Src/stm32f1xx_it.c ****     /* USER CODE END W1_UsageFault_IRQn 0 */
 126:Src/stm32f1xx_it.c ****   }
 129              		.loc 1 126 3 discriminator 1 view .LVU13
 130 0000 FEE7     		b	.L10
 131              		.cfi_endproc
 132              	.LFE532:
 134 0002 00BF     		.section	.text.SVC_Handler,"ax",%progbits
 135              		.align	1
 136              		.p2align 2,,3
 137              		.global	SVC_Handler
 138              		.syntax unified
 139              		.thumb
 140              		.thumb_func
 141              		.fpu softvfp
 143              	SVC_Handler:
 144              	.LFB538:
 145              		.cfi_startproc
 146              		@ args = 0, pretend = 0, frame = 0
 147              		@ frame_needed = 0, uses_anonymous_args = 0
 148              		@ link register save eliminated.
 149 0000 7047     		bx	lr
 150              		.cfi_endproc
 151              	.LFE538:
 153 0002 00BF     		.section	.text.DebugMon_Handler,"ax",%progbits
 154              		.align	1
 155              		.p2align 2,,3
 156              		.global	DebugMon_Handler
 157              		.syntax unified
 158              		.thumb
 159              		.thumb_func
 160              		.fpu softvfp
 162              	DebugMon_Handler:
 163              	.LFB540:
 164              		.cfi_startproc
 165              		@ args = 0, pretend = 0, frame = 0
 166              		@ frame_needed = 0, uses_anonymous_args = 0
 167              		@ link register save eliminated.
 168 0000 7047     		bx	lr
 169              		.cfi_endproc
 170              	.LFE540:
 172 0002 00BF     		.section	.text.PendSV_Handler,"ax",%progbits
 173              		.align	1
ARM GAS  C:\Users\Eemeli\AppData\Local\Temp\ccxRLB4Y.s 			page 6


 174              		.p2align 2,,3
 175              		.global	PendSV_Handler
 176              		.syntax unified
 177              		.thumb
 178              		.thumb_func
 179              		.fpu softvfp
 181              	PendSV_Handler:
 182              	.LFB542:
 183              		.cfi_startproc
 184              		@ args = 0, pretend = 0, frame = 0
 185              		@ frame_needed = 0, uses_anonymous_args = 0
 186              		@ link register save eliminated.
 187 0000 7047     		bx	lr
 188              		.cfi_endproc
 189              	.LFE542:
 191 0002 00BF     		.section	.text.SysTick_Handler,"ax",%progbits
 192              		.align	1
 193              		.p2align 2,,3
 194              		.global	SysTick_Handler
 195              		.syntax unified
 196              		.thumb
 197              		.thumb_func
 198              		.fpu softvfp
 200              	SysTick_Handler:
 201              	.LFB544:
 202              		.cfi_startproc
 203              		@ args = 0, pretend = 0, frame = 0
 204              		@ frame_needed = 0, uses_anonymous_args = 0
 205              		@ link register save eliminated.
 206 0000 7047     		bx	lr
 207              		.cfi_endproc
 208              	.LFE544:
 210 0002 00BF     		.text
 211              	.Letext0:
 212              		.file 2 "d:\\vsarm\\armcc\\arm-none-eabi\\include\\machine\\_default_types.h"
 213              		.file 3 "d:\\vsarm\\armcc\\arm-none-eabi\\include\\sys\\_stdint.h"
 214              		.file 4 "Drivers/CMSIS/Include/core_cm3.h"
 215              		.file 5 "Drivers/CMSIS/Device/ST/STM32F1xx/Include/system_stm32f1xx.h"
 216              		.file 6 "d:\\vsarm\\armcc\\arm-none-eabi\\include\\sys\\lock.h"
 217              		.file 7 "d:\\vsarm\\armcc\\arm-none-eabi\\include\\sys\\_types.h"
 218              		.file 8 "d:\\vsarm\\armcc\\lib\\gcc\\arm-none-eabi\\8.2.1\\include\\stddef.h"
 219              		.file 9 "d:\\vsarm\\armcc\\arm-none-eabi\\include\\sys\\reent.h"
 220              		.file 10 "Drivers/STM32F1xx_HAL_Driver/Inc/stm32f1xx_hal.h"
 221              		.file 11 "Drivers/STM32F1xx_HAL_Driver/Inc/stm32f1xx_ll_dma.h"
ARM GAS  C:\Users\Eemeli\AppData\Local\Temp\ccxRLB4Y.s 			page 7


DEFINED SYMBOLS
                            *ABS*:0000000000000000 stm32f1xx_it.c
C:\Users\Eemeli\AppData\Local\Temp\ccxRLB4Y.s:16     .text.NMI_Handler:0000000000000000 $t
C:\Users\Eemeli\AppData\Local\Temp\ccxRLB4Y.s:25     .text.NMI_Handler:0000000000000000 NMI_Handler
C:\Users\Eemeli\AppData\Local\Temp\ccxRLB4Y.s:39     .text.HardFault_Handler:0000000000000000 $t
C:\Users\Eemeli\AppData\Local\Temp\ccxRLB4Y.s:47     .text.HardFault_Handler:0000000000000000 HardFault_Handler
C:\Users\Eemeli\AppData\Local\Temp\ccxRLB4Y.s:63     .text.MemManage_Handler:0000000000000000 $t
C:\Users\Eemeli\AppData\Local\Temp\ccxRLB4Y.s:71     .text.MemManage_Handler:0000000000000000 MemManage_Handler
C:\Users\Eemeli\AppData\Local\Temp\ccxRLB4Y.s:87     .text.BusFault_Handler:0000000000000000 $t
C:\Users\Eemeli\AppData\Local\Temp\ccxRLB4Y.s:95     .text.BusFault_Handler:0000000000000000 BusFault_Handler
C:\Users\Eemeli\AppData\Local\Temp\ccxRLB4Y.s:111    .text.UsageFault_Handler:0000000000000000 $t
C:\Users\Eemeli\AppData\Local\Temp\ccxRLB4Y.s:119    .text.UsageFault_Handler:0000000000000000 UsageFault_Handler
C:\Users\Eemeli\AppData\Local\Temp\ccxRLB4Y.s:135    .text.SVC_Handler:0000000000000000 $t
C:\Users\Eemeli\AppData\Local\Temp\ccxRLB4Y.s:143    .text.SVC_Handler:0000000000000000 SVC_Handler
C:\Users\Eemeli\AppData\Local\Temp\ccxRLB4Y.s:154    .text.DebugMon_Handler:0000000000000000 $t
C:\Users\Eemeli\AppData\Local\Temp\ccxRLB4Y.s:162    .text.DebugMon_Handler:0000000000000000 DebugMon_Handler
C:\Users\Eemeli\AppData\Local\Temp\ccxRLB4Y.s:173    .text.PendSV_Handler:0000000000000000 $t
C:\Users\Eemeli\AppData\Local\Temp\ccxRLB4Y.s:181    .text.PendSV_Handler:0000000000000000 PendSV_Handler
C:\Users\Eemeli\AppData\Local\Temp\ccxRLB4Y.s:192    .text.SysTick_Handler:0000000000000000 $t
C:\Users\Eemeli\AppData\Local\Temp\ccxRLB4Y.s:200    .text.SysTick_Handler:0000000000000000 SysTick_Handler

NO UNDEFINED SYMBOLS
